[14:40:32] [main/INFO]: Loading Minecraft 1.20.1 with Fabric Loader 0.18.0
[14:40:33] [main/INFO]: Loading 85 mods:
	- biomesoplenty 19.0.0.96
	- cloth-config 11.1.136
	   \-- cloth-basic-math 0.6.1
	- distanthorizons 2.3.6-b
	   |-- fabric-key-binding-api-v1 1.0.36+fb8d95da77
	   |-- fabric-rendering-v1 3.0.7+b3afc78b77
	   \-- fabric-screen-api-v1 2.0.7+b3afc78b77
	- fabric-api 0.92.6+1.20.1
	   |-- fabric-api-base 0.4.32+1802ada577
	   |-- fabric-api-lookup-api-v1 1.6.37+1802ada577
	   |-- fabric-biome-api-v1 13.0.14+1802ada577
	   |-- fabric-block-api-v1 1.0.12+1802ada577
	   |-- fabric-block-view-api-v2 1.0.3+924f046a77
	   |-- fabric-blockrenderlayer-v1 1.1.42+1802ada577
	   |-- fabric-client-tags-api-v1 1.1.3+1802ada577
	   |-- fabric-command-api-v1 1.2.35+f71b366f77
	   |-- fabric-command-api-v2 2.2.14+1802ada577
	   |-- fabric-commands-v0 0.2.52+df3654b377
	   |-- fabric-containers-v0 0.1.67+df3654b377
	   |-- fabric-content-registries-v0 4.0.13+1802ada577
	   |-- fabric-convention-tags-v1 1.5.6+1802ada577
	   |-- fabric-crash-report-info-v1 0.2.20+1802ada577
	   |-- fabric-data-attachment-api-v1 1.0.2+de0fd6d177
	   |-- fabric-data-generation-api-v1 12.3.7+1802ada577
	   |-- fabric-dimensions-v1 2.1.55+1802ada577
	   |-- fabric-entity-events-v1 1.6.1+1c78457f77
	   |-- fabric-events-interaction-v0 0.6.5+13a40c6677
	   |-- fabric-events-lifecycle-v0 0.2.64+df3654b377
	   |-- fabric-game-rule-api-v1 1.0.41+1802ada577
	   |-- fabric-item-api-v1 2.1.29+1802ada577
	   |-- fabric-item-group-api-v1 4.0.14+1802ada577
	   |-- fabric-key-binding-api-v1 1.0.38+1802ada577
	   |-- fabric-keybindings-v0 0.2.36+df3654b377
	   |-- fabric-lifecycle-events-v1 2.2.23+1802ada577
	   |-- fabric-loot-api-v2 1.2.3+1802ada577
	   |-- fabric-loot-tables-v1 1.1.47+9e7660c677
	   |-- fabric-message-api-v1 5.1.10+1802ada577
	   |-- fabric-mining-level-api-v1 2.1.52+1802ada577
	   |-- fabric-model-loading-api-v1 1.0.4+1802ada577
	   |-- fabric-models-v0 0.4.3+9386d8a777
	   |-- fabric-networking-api-v1 1.3.14+a158aa0477
	   |-- fabric-networking-v0 0.3.54+df3654b377
	   |-- fabric-object-builder-api-v1 11.1.5+e35120df77
	   |-- fabric-particles-v1 1.1.3+1802ada577
	   |-- fabric-recipe-api-v1 1.0.24+1802ada577
	   |-- fabric-registry-sync-v0 2.3.6+1802ada577
	   |-- fabric-renderer-api-v1 3.2.2+1802ada577
	   |-- fabric-renderer-indigo 1.5.3+85287f9f77
	   |-- fabric-renderer-registries-v1 3.2.47+df3654b377
	   |-- fabric-rendering-data-attachment-v1 0.3.39+92a0d36777
	   |-- fabric-rendering-fluids-v1 3.0.29+1802ada577
	   |-- fabric-rendering-v0 1.1.50+df3654b377
	   |-- fabric-rendering-v1 3.0.9+1802ada577
	   |-- fabric-resource-conditions-api-v1 2.3.9+1802ada577
	   |-- fabric-resource-loader-v0 0.11.12+fb82e9d777
	   |-- fabric-screen-api-v1 2.0.9+1802ada577
	   |-- fabric-screen-handler-api-v1 1.3.33+1802ada577
	   |-- fabric-sound-api-v1 1.0.14+1802ada577
	   |-- fabric-transfer-api-v1 3.3.6+8dd72ea377
	   \-- fabric-transitive-access-wideners-v1 4.3.2+1802ada577
	- fabric-language-kotlin 1.13.7+kotlin.2.2.21
	   |-- org_jetbrains_kotlin_kotlin-reflect 2.2.21
	   |-- org_jetbrains_kotlin_kotlin-stdlib 2.2.21
	   |-- org_jetbrains_kotlin_kotlin-stdlib-jdk7 2.2.21
	   |-- org_jetbrains_kotlin_kotlin-stdlib-jdk8 2.2.21
	   |-- org_jetbrains_kotlinx_atomicfu-jvm 0.29.0
	   |-- org_jetbrains_kotlinx_kotlinx-coroutines-core-jvm 1.10.2
	   |-- org_jetbrains_kotlinx_kotlinx-coroutines-jdk8 1.10.2
	   |-- org_jetbrains_kotlinx_kotlinx-datetime-jvm 0.7.1
	   |-- org_jetbrains_kotlinx_kotlinx-io-bytestring-jvm 0.8.0
	   |-- org_jetbrains_kotlinx_kotlinx-io-core-jvm 0.8.0
	   |-- org_jetbrains_kotlinx_kotlinx-serialization-cbor-jvm 1.9.0
	   |-- org_jetbrains_kotlinx_kotlinx-serialization-core-jvm 1.9.0
	   \-- org_jetbrains_kotlinx_kotlinx-serialization-json-jvm 1.9.0
	- fabricloader 0.18.0
	   \-- mixinextras 0.5.0
	- fallingtree 4.3.4
	- geckolib 4.8.2
	   \-- com_eliotlash_mclib_mclib 20
	- glitchcore 0.0.1.1
	   |-- com_electronwill_night-config_core 3.6.7
	   |-- com_electronwill_night-config_toml 3.6.7
	   \-- net_jodah_typetools 0.6.3
	- java 21
	- jei 15.20.0.118
	- lithium 0.11.3
	- minecraft 1.20.1
	- minerally 1.20.2-1.3
	- silk-all 1.10.1
	   |-- silk-commands 1.10.1
	   |-- silk-core 1.10.1
	   |-- silk-game 1.10.1
	   |-- silk-igui 1.10.1
	   |-- silk-nbt 1.10.1
	   |-- silk-network 1.10.1
	   \-- silk-persistence 1.10.1
	- starlight 1.1.2+fabric.dbc156f
	- terrablender 3.0.1.10
	   |-- com_electronwill_night-config_core 3.6.7
	   \-- com_electronwill_night-config_toml 3.6.7
	- veinminermod 2.4.4+1.20.1
	- yes_steve_model 2.5.1-fabric+mc1.20.1
	   \-- forgeconfigapiport 8.0.0
[14:40:33] [main/INFO]: SpongePowered MIXIN Subsystem Version=0.8.7 Source=file:/home/opc/block/minecraft_1.20.1/libraries/net/fabricmc/sponge-mixin/0.16.5+mixin.0.8.7/sponge-mixin-0.16.5+mixin.0.8.7.jar Service=Knot/Fabric Env=SERVER
[14:40:33] [main/INFO]: Compatibility level set to JAVA_17
[14:40:33] [main/INFO]: Compatibility level set to JAVA_21
[14:40:33] [main/INFO]: Loaded configuration file for Lithium: 131 options available, 0 override(s) found
[14:40:34] [main/WARN]: Error loading class: net/fabricmc/fabric/api/client/rendering/v1/EntityModelLayerRegistry$TexturedModelDataProvider (java.lang.ClassNotFoundException: net/fabricmc/fabric/api/client/rendering/v1/EntityModelLayerRegistry$TexturedModelDataProvider)
[14:40:34] [main/INFO]: Initializing MixinExtras via com.llamalad7.mixinextras.service.MixinExtrasServiceImpl(version=0.5.0).
[14:40:45] [main/ERROR]: No data fixer registered for biomesoplenty:boat
[14:40:45] [main/ERROR]: No data fixer registered for biomesoplenty:chest_boat
[14:40:46] [main/ERROR]: No data fixer registered for anomaly
[14:40:46] [main/INFO]: Initializing Silk due to init call
[14:40:46] [main/INFO]: Registered region minecraft:overworld to index 0 for type OVERWORLD
[14:40:46] [main/INFO]: Registered region minecraft:nether to index 0 for type NETHER
[14:40:46] [main/INFO]: Registered region biomesoplenty:overworld_primary to index 1 for type OVERWORLD
[14:40:46] [main/INFO]: Registered region biomesoplenty:overworld_secondary to index 2 for type OVERWORLD
[14:40:46] [main/INFO]: Registered region biomesoplenty:overworld_rare to index 3 for type OVERWORLD
[14:40:46] [main/INFO]: Registered region biomesoplenty:nether_common to index 1 for type NETHER
[14:40:46] [main/INFO]: Registered region biomesoplenty:nether_rare to index 2 for type NETHER
[14:40:46] [main/INFO]: [32m[Vein Miner] Registering and loading mod events and files![0m
[14:40:46] [main/INFO]: [32m[Vein Miner] Registering of config files.... Completed![0m
[14:40:46] [main/INFO]: [32m[Vein Miner] Registered and loaded PlayerData![0m
[14:40:46] [main/ERROR]: [YSM] Current platform is unsupported: Linux aarch64
[14:40:46] [main/INFO]: Initializing Distant Horizons server, firing DhApiBeforeDhInitEvent event...
[14:40:46] [main/INFO]: Distant Horizons, Version: 2.3.6-b
[14:40:46] [main/INFO]: Registering Fabric Server Events
[14:40:46] [main/INFO]: Registered mod compatibility accessor for: [Starlight-Fabric-1.18.X].
[14:40:46] [main/INFO]: Distant Horizons server Initialized, adding event subscribers...
[14:40:46] [main/INFO]: Environment: authHost='https://authserver.mojang.com', accountsHost='https://api.mojang.com', sessionHost='https://sessionserver.mojang.com', servicesHost='https://api.minecraftservices.com', name='PROD'
[14:40:49] [main/INFO]: Loaded 7 recipes
[14:40:49] [main/INFO]: Loaded 1581 advancements
[14:40:50] [main/INFO]: Initialized TerraBlender biomes for level stem minecraft:overworld
[14:40:50] [main/INFO]: Initialized TerraBlender biomes for level stem minecraft:the_nether
[14:40:50] [main/INFO]: Applied 3034 biome modifications to 124 of 134 new biomes in 40.49 ms
[14:40:50] [Server thread/INFO]: Reached SERVER_STARTING state
[14:40:50] [Server thread/INFO]: Initialized mcCoroutineScope (MinecraftServer as executor)
[14:40:50] [Server thread/INFO]: Initialising config for [DistantHorizons]
[14:40:50] [Server thread/INFO]: [DistantHorizons] Config initialised
[14:40:50] [Server thread/INFO]: Running Delayed setup...
[14:40:50] [Server thread/INFO]: Delayed setup complete, firing DhApiAfterDhInitEvent event...
[14:40:50] [Server thread/INFO]: Checking for Distant Horizons update
[14:40:52] [Server thread/INFO]: Distant Horizons already up to date.
[14:40:52] [Server thread/INFO]: Distant Horizons server Initialized at .
[14:40:52] [Server thread/INFO]: Started [DhServerWorld] of type [SERVER_ONLY].
[14:40:52] [Server thread/INFO]: Starting minecraft server version 1.20.1
[14:40:52] [Server thread/INFO]: Loading properties
[14:40:52] [Server thread/INFO]: Default game type: SURVIVAL
[14:40:52] [Server thread/INFO]: Generating keypair
[14:40:52] [Server thread/INFO]: Starting Minecraft server on *:25565
[14:40:52] [Server thread/INFO]: Using epoll channel type
[14:40:52] [Server thread/WARN]: **** SERVER IS RUNNING IN OFFLINE/INSECURE MODE!
[14:40:52] [Server thread/WARN]: The server will make no attempt to authenticate usernames. Beware.
[14:40:52] [Server thread/WARN]: While this makes the game possible to play without internet access, it also opens up the ability for hackers to connect with any username they choose.
[14:40:52] [Server thread/WARN]: To change this, set "online-mode" to "true" in the server.properties file.
[14:40:52] [Server thread/INFO]: Preparing level "world"
[14:40:53] [DH-Full Data Migration Thread[0]/INFO]: Attempting to migrate data sources for: [minecraft:overworld]-[./world/data]...
[14:40:53] [DH-Full Data Migration Thread[0]/INFO]: Found [0] data sources that need migration.
[14:40:53] [Server thread/INFO]: Started DhServerLevel for [Wrapped{ServerLevel[world]@minecraft:overworld}] at [[LocalSaveStructure@(./world/data)]].
[14:40:53] [DH-Full Data Migration Thread[0]/INFO]: No migration necessary.
[14:40:53] [DH-ApplyConfigPresetTimer/INFO]: changing preset to: I_PAID_FOR_THE_WHOLE_CPU
[14:40:53] [DH-ApplyConfigPresetTimer/INFO]: preset active: I_PAID_FOR_THE_WHOLE_CPU
[14:41:01] [DH-Full Data Migration Thread[0]/INFO]: Attempting to migrate data sources for: [minecraft:the_end]-[./world/DIM1/data]...
[14:41:01] [DH-Full Data Migration Thread[0]/INFO]: Found [0] data sources that need migration.
[14:41:01] [DH-Full Data Migration Thread[0]/INFO]: No migration necessary.
[14:41:01] [Server thread/INFO]: Started DhServerLevel for [Wrapped{ServerLevel[world]@minecraft:the_end}] at [[LocalSaveStructure@(./world/DIM1/data;./world/data)]].
[14:41:01] [DH-Full Data Migration Thread[0]/INFO]: Attempting to migrate data sources for: [minecraft:the_nether]-[./world/DIM-1/data]...
[14:41:01] [DH-Full Data Migration Thread[0]/INFO]: Found [0] data sources that need migration.
[14:41:01] [DH-Full Data Migration Thread[0]/INFO]: No migration necessary.
[14:41:01] [Server thread/INFO]: Started DhServerLevel for [Wrapped{ServerLevel[world]@minecraft:the_nether}] at [[LocalSaveStructure@(./world/DIM1/data;./world/DIM-1/data;./world/data)]].
[14:41:01] [Server thread/INFO]: Preparing start region for dimension minecraft:overworld
[14:41:05] [Worker-Main-2/INFO]: Preparing spawn area: 0%
[14:41:05] [Worker-Main-2/INFO]: Preparing spawn area: 0%
[14:41:05] [Worker-Main-3/INFO]: Preparing spawn area: 0%
[14:41:05] [Worker-Main-2/INFO]: Preparing spawn area: 0%
[14:41:05] [Worker-Main-1/INFO]: Preparing spawn area: 0%
[14:41:05] [Worker-Main-1/INFO]: Preparing spawn area: 0%
[14:41:05] [Worker-Main-2/INFO]: Preparing spawn area: 0%
[14:41:06] [Worker-Main-1/INFO]: Preparing spawn area: 0%
[14:41:06] [Worker-Main-2/INFO]: Preparing spawn area: 0%
[14:41:06] [Worker-Main-3/INFO]: Preparing spawn area: 0%
[14:41:06] [Worker-Main-2/INFO]: Preparing spawn area: 0%
[14:41:07] [Worker-Main-2/INFO]: Preparing spawn area: 0%
[14:41:07] [Worker-Main-3/INFO]: Preparing spawn area: 0%
[14:41:08] [Worker-Main-2/INFO]: Preparing spawn area: 0%
[14:41:08] [Worker-Main-3/INFO]: Preparing spawn area: 7%
[14:41:09] [Worker-Main-2/INFO]: Preparing spawn area: 25%
[14:41:09] [Worker-Main-2/INFO]: Preparing spawn area: 59%
[14:41:10] [Worker-Main-3/INFO]: Preparing spawn area: 93%
[14:41:10] [Server thread/INFO]: Time elapsed: 8623 ms
[14:41:10] [Server thread/INFO]: Done (17.557s)! For help, type "help"
[14:41:10] [Server thread/INFO]: Starting GS4 status listener
[14:41:10] [Server thread/INFO]: Thread Query Listener started
[14:41:10] [Query Listener #1/INFO]: Query running on 0.0.0.0:25565
[14:41:10] [Server thread/INFO]: Starting remote control listener
[14:41:10] [Server thread/INFO]: Thread RCON Listener started
[14:41:10] [Server thread/INFO]: RCON running on 0.0.0.0:25575
[14:41:10] [Server thread/INFO]: [32m[Vein Miner] LuckPerms integration disabled by config.[0m
[14:41:10] [Server thread/INFO]: [32m[Vein Miner] Registered and loaded mod events and files![0m
[14:41:10] [Server thread/INFO]: DH TerraFirmaCraft detection: false
[14:41:10] [Server thread/INFO]: ================WORLD_GEN_STEP_INITING=============
[14:41:10] [Server thread/INFO]: Batch Chunk Generator initialized
[14:41:10] [Server thread/INFO]: Creating world gen queue
[14:41:10] [Server thread/INFO]: Created world gen queue
[14:41:10] [Server thread/INFO]: Set world gen queue for level [minecraft:the_end].
[14:41:10] [Server thread/INFO]: ================WORLD_GEN_STEP_INITING=============
[14:41:10] [Server thread/INFO]: Batch Chunk Generator initialized
[14:41:10] [Server thread/INFO]: Creating world gen queue
[14:41:10] [Server thread/INFO]: Created world gen queue
[14:41:10] [Server thread/INFO]: Set world gen queue for level [minecraft:the_nether].
[14:41:10] [Server thread/INFO]: ================WORLD_GEN_STEP_INITING=============
[14:41:10] [Server thread/INFO]: Batch Chunk Generator initialized
[14:41:10] [Server thread/INFO]: Creating world gen queue
[14:41:10] [Server thread/INFO]: Created world gen queue
[14:41:10] [Server thread/INFO]: Set world gen queue for level [minecraft:overworld].
[14:42:52] [Server thread/INFO]: Made Agent_biu a server operator
